2020-01-31 15:32:04,470 INFO o.a.j.u.JMeterUtils: Setting Locale to en_EN
2020-01-31 15:32:04,517 INFO o.a.j.JMeter: Loading user properties from: C:\Users\Glenn\Documents\Ecole\Ingénieur\Semestre 1\Test\apache-jmeter-5.1.1\bin\user.properties
2020-01-31 15:32:04,520 INFO o.a.j.JMeter: Loading system properties from: C:\Users\Glenn\Documents\Ecole\Ingénieur\Semestre 1\Test\apache-jmeter-5.1.1\bin\system.properties
2020-01-31 15:32:04,521 INFO o.a.j.JMeter: Loading additional properties from: Git/Test/Camix_Java-v0.3.1/jmeter/properties/user.properties
2020-01-31 15:32:04,522 WARN o.a.j.JMeter: Can't find additional property file: Git/Test/Camix_Java-v0.3.1/jmeter/properties/user.properties
java.io.FileNotFoundException: Git\Test\Camix_Java-v0.3.1\jmeter\properties\user.properties (Le chemin d’accès spécifié est introuvable)
	at java.io.FileInputStream.open0(Native Method) ~[?:?]
	at java.io.FileInputStream.open(FileInputStream.java:213) ~[?:?]
	at java.io.FileInputStream.<init>(FileInputStream.java:155) ~[?:?]
	at org.apache.jmeter.JMeter.initializeProperties(JMeter.java:851) [ApacheJMeter_core.jar:5.1.1 r1855137]
	at org.apache.jmeter.JMeter.start(JMeter.java:460) [ApacheJMeter_core.jar:5.1.1 r1855137]
	at jdk.internal.reflect.NativeMethodAccessorImpl.invoke0(Native Method) ~[?:?]
	at jdk.internal.reflect.NativeMethodAccessorImpl.invoke(NativeMethodAccessorImpl.java:62) ~[?:?]
	at jdk.internal.reflect.DelegatingMethodAccessorImpl.invoke(DelegatingMethodAccessorImpl.java:43) ~[?:?]
	at java.lang.reflect.Method.invoke(Method.java:567) ~[?:?]
	at org.apache.jmeter.NewDriver.main(NewDriver.java:253) [ApacheJMeter.jar:5.1.1 r1855137]
2020-01-31 15:32:04,546 INFO o.a.j.JMeter: Copyright (c) 1998-2019 The Apache Software Foundation
2020-01-31 15:32:04,546 INFO o.a.j.JMeter: Version 5.1.1 r1855137
2020-01-31 15:32:04,546 INFO o.a.j.JMeter: java.version=12.0.1
2020-01-31 15:32:04,546 INFO o.a.j.JMeter: java.vm.name=Java HotSpot(TM) 64-Bit Server VM
2020-01-31 15:32:04,546 INFO o.a.j.JMeter: os.name=Windows 10
2020-01-31 15:32:04,547 INFO o.a.j.JMeter: os.arch=amd64
2020-01-31 15:32:04,547 INFO o.a.j.JMeter: os.version=10.0
2020-01-31 15:32:04,547 INFO o.a.j.JMeter: file.encoding=Cp1252
2020-01-31 15:32:04,547 INFO o.a.j.JMeter: java.awt.headless=null
2020-01-31 15:32:04,547 INFO o.a.j.JMeter: Max memory     =1073741824
2020-01-31 15:32:04,548 INFO o.a.j.JMeter: Available Processors =4
2020-01-31 15:32:04,570 INFO o.a.j.JMeter: Default Locale=English (EN)
2020-01-31 15:32:04,571 INFO o.a.j.JMeter: JMeter  Locale=English (EN)
2020-01-31 15:32:04,571 INFO o.a.j.JMeter: JMeterHome=C:\Users\Glenn\Documents\Ecole\Ingénieur\Semestre 1\Test\apache-jmeter-5.1.1
2020-01-31 15:32:04,571 INFO o.a.j.JMeter: user.dir  =C:\Users\Glenn\Documents\Ecole\Ingénieur\Semestre 1\Test
2020-01-31 15:32:04,572 INFO o.a.j.JMeter: PWD       =C:\Users\Glenn\Documents\Ecole\Ingénieur\Semestre 1\Test
2020-01-31 15:32:04,578 INFO o.a.j.JMeter: IP: 172.16.126.119 Name: DESKTOP-8AU865V FullName: 172.16.126.119
2020-01-31 15:32:05,138 INFO o.a.j.g.a.LookAndFeelCommand: Installing Darcula LAF
2020-01-31 15:32:05,152 INFO o.a.j.g.a.LookAndFeelCommand: Using look and feel: com.bulenkov.darcula.DarculaLaf [Darcula]
2020-01-31 15:32:05,156 INFO o.a.j.JMeter: Setting LAF to: com.bulenkov.darcula.DarculaLaf
2020-01-31 15:32:05,349 INFO o.a.j.JMeter: Loaded icon properties from org/apache/jmeter/images/icon.properties
2020-01-31 15:32:09,001 INFO o.a.j.p.h.s.HTTPSamplerBase: Parser for text/html is org.apache.jmeter.protocol.http.parser.LagartoBasedHtmlParser
2020-01-31 15:32:09,002 INFO o.a.j.p.h.s.HTTPSamplerBase: Parser for application/xhtml+xml is org.apache.jmeter.protocol.http.parser.LagartoBasedHtmlParser
2020-01-31 15:32:09,003 INFO o.a.j.p.h.s.HTTPSamplerBase: Parser for application/xml is org.apache.jmeter.protocol.http.parser.LagartoBasedHtmlParser
2020-01-31 15:32:09,003 INFO o.a.j.p.h.s.HTTPSamplerBase: Parser for text/xml is org.apache.jmeter.protocol.http.parser.LagartoBasedHtmlParser
2020-01-31 15:32:09,003 INFO o.a.j.p.h.s.HTTPSamplerBase: Parser for text/vnd.wap.wml is org.apache.jmeter.protocol.http.parser.RegexpHTMLParser
2020-01-31 15:32:09,004 INFO o.a.j.p.h.s.HTTPSamplerBase: Parser for text/css is org.apache.jmeter.protocol.http.parser.CssParser
2020-01-31 15:32:09,707 INFO o.a.j.e.KeyToolUtils: keytool found at 'keytool'
2020-01-31 15:32:09,708 INFO o.a.j.p.h.p.ProxyControl: HTTP(S) Test Script Recorder SSL Proxy will use keys that support embedded 3rd party resources in file C:\Users\Glenn\Documents\Ecole\Ingénieur\Semestre 1\Test\apache-jmeter-5.1.1\bin\proxyserver.jks
2020-01-31 15:32:09,995 INFO o.a.j.s.FileServer: Default base='C:\Users\Glenn\Documents\Ecole\Ingénieur\Semestre 1\Test'
2020-01-31 15:32:12,275 INFO o.a.j.s.SampleResult: Note: Sample TimeStamps are START times
2020-01-31 15:32:12,275 INFO o.a.j.s.SampleResult: sampleresult.default.encoding is set to ISO-8859-1
2020-01-31 15:32:12,275 INFO o.a.j.s.SampleResult: sampleresult.useNanoTime=true
2020-01-31 15:32:12,275 INFO o.a.j.s.SampleResult: sampleresult.nanoThreadSleep=5000
2020-01-31 15:32:12,316 INFO o.a.j.v.ViewResultsFullVisualizer: Add JavaFX to your Java installation if you want to use renderer: org.apache.jmeter.visualizers.RenderInBrowser
2020-01-31 15:32:23,296 INFO o.a.j.u.JMeterUtils: Setting Locale to fr
2020-01-31 15:42:28,748 INFO o.a.j.v.ViewResultsFullVisualizer: Add JavaFX to your Java installation if you want to use renderer: org.apache.jmeter.visualizers.RenderInBrowser
2020-01-31 15:43:54,391 INFO o.a.j.s.FileServer: Set new base='C:\Users\Glenn\Documents\Ecole\Ingénieur\Semestre 1\Test\Git\Test\Camix_Java-v0.3.1\jmeter'
2020-01-31 15:43:54,628 INFO o.a.j.s.SaveService: Testplan (JMX) version: 2.2. Testlog (JTL) version: 2.2
2020-01-31 15:43:54,652 INFO o.a.j.s.SaveService: Using SaveService properties version 5.0
2020-01-31 15:43:54,655 INFO o.a.j.s.SaveService: Using SaveService properties file encoding UTF-8
2020-01-31 15:43:54,718 INFO o.a.j.e.StandardJMeterEngine: Running the test!
2020-01-31 15:43:54,727 INFO o.a.j.s.SampleEvent: List of sample_variables: []
2020-01-31 15:43:54,728 INFO o.a.j.s.SampleEvent: List of sample_variables: []
2020-01-31 15:43:54,732 INFO o.a.j.e.u.CompoundVariable: Note: Function class names must contain the string: '.functions.'
2020-01-31 15:43:54,733 INFO o.a.j.e.u.CompoundVariable: Note: Function class names must not contain the string: '.gui.'
2020-01-31 15:43:55,230 INFO o.a.j.g.u.JMeterMenuBar: setRunning(true, *local*)
2020-01-31 15:43:55,382 INFO o.a.j.e.StandardJMeterEngine: Starting ThreadGroup: 1 : Groupe d'unités de tests : ex. DT avec variables
2020-01-31 15:43:55,385 INFO o.a.j.e.StandardJMeterEngine: Starting 1 threads for group Groupe d'unités de tests : ex. DT avec variables.
2020-01-31 15:43:55,386 INFO o.a.j.e.StandardJMeterEngine: Thread will continue on error
2020-01-31 15:43:55,388 INFO o.a.j.t.ThreadGroup: Starting thread group... number=1 threads=1 ramp-up=1 delayedStart=false
2020-01-31 15:43:55,428 INFO o.a.j.t.ThreadGroup: Started thread group number 1
2020-01-31 15:43:55,429 INFO o.a.j.e.StandardJMeterEngine: All thread groups have been started
2020-01-31 15:43:55,443 INFO o.a.j.t.JMeterThread: Thread started: Groupe d'unités de tests : ex. DT avec variables 1-1
2020-01-31 15:43:55,452 INFO o.a.j.t.JMeterThread: Thread is done: Groupe d'unités de tests : ex. DT avec variables 1-1
2020-01-31 15:43:55,453 INFO o.a.j.t.JMeterThread: Thread finished: Groupe d'unités de tests : ex. DT avec variables 1-1
2020-01-31 15:43:55,455 INFO o.a.j.e.StandardJMeterEngine: Notifying test listeners of end of test
2020-01-31 15:43:55,455 INFO o.a.j.g.u.JMeterMenuBar: setRunning(false, *local*)
2020-01-31 15:44:06,117 INFO o.a.j.e.StandardJMeterEngine: Running the test!
2020-01-31 15:44:06,118 INFO o.a.j.s.SampleEvent: List of sample_variables: []
2020-01-31 15:44:06,122 INFO o.a.j.g.u.JMeterMenuBar: setRunning(true, *local*)
2020-01-31 15:44:06,193 INFO o.a.j.e.StandardJMeterEngine: Starting ThreadGroup: 1 : Groupe d'unités de tests : ex. DT avec variables
2020-01-31 15:44:06,201 INFO o.a.j.e.StandardJMeterEngine: Starting 1 threads for group Groupe d'unités de tests : ex. DT avec variables.
2020-01-31 15:44:06,202 INFO o.a.j.e.StandardJMeterEngine: Thread will continue on error
2020-01-31 15:44:06,202 INFO o.a.j.t.ThreadGroup: Starting thread group... number=1 threads=1 ramp-up=1 delayedStart=false
2020-01-31 15:44:06,203 INFO o.a.j.t.ThreadGroup: Started thread group number 1
2020-01-31 15:44:06,203 INFO o.a.j.e.StandardJMeterEngine: All thread groups have been started
2020-01-31 15:44:06,203 INFO o.a.j.t.JMeterThread: Thread started: Groupe d'unités de tests : ex. DT avec variables 1-1
2020-01-31 15:44:06,204 INFO o.a.j.t.JMeterThread: Thread is done: Groupe d'unités de tests : ex. DT avec variables 1-1
2020-01-31 15:44:06,205 INFO o.a.j.t.JMeterThread: Thread finished: Groupe d'unités de tests : ex. DT avec variables 1-1
2020-01-31 15:44:06,205 INFO o.a.j.e.StandardJMeterEngine: Notifying test listeners of end of test
2020-01-31 15:44:06,205 INFO o.a.j.g.u.JMeterMenuBar: setRunning(false, *local*)
