2020-02-11 20:53:20,643 INFO o.a.j.u.JMeterUtils: Setting Locale to en_EN
2020-02-11 20:53:20,695 INFO o.a.j.JMeter: Loading user properties from: C:\Users\Glenn\Documents\Ecole\Ingénieur\Semestre 1\Test\apache-jmeter-5.1.1\bin\user.properties
2020-02-11 20:53:20,707 INFO o.a.j.JMeter: Loading system properties from: C:\Users\Glenn\Documents\Ecole\Ingénieur\Semestre 1\Test\apache-jmeter-5.1.1\bin\system.properties
2020-02-11 20:53:20,707 INFO o.a.j.JMeter: Loading additional properties from: Git/Test/Camix_Java-v0.3.1/jmeter/user.properties
2020-02-11 20:53:20,730 INFO o.a.j.JMeter: Copyright (c) 1998-2019 The Apache Software Foundation
2020-02-11 20:53:20,730 INFO o.a.j.JMeter: Version 5.1.1 r1855137
2020-02-11 20:53:20,730 INFO o.a.j.JMeter: java.version=12.0.1
2020-02-11 20:53:20,730 INFO o.a.j.JMeter: java.vm.name=Java HotSpot(TM) 64-Bit Server VM
2020-02-11 20:53:20,730 INFO o.a.j.JMeter: os.name=Windows 10
2020-02-11 20:53:20,730 INFO o.a.j.JMeter: os.arch=amd64
2020-02-11 20:53:20,730 INFO o.a.j.JMeter: os.version=10.0
2020-02-11 20:53:20,730 INFO o.a.j.JMeter: file.encoding=Cp1252
2020-02-11 20:53:20,734 INFO o.a.j.JMeter: java.awt.headless=null
2020-02-11 20:53:20,734 INFO o.a.j.JMeter: Max memory     =1073741824
2020-02-11 20:53:20,734 INFO o.a.j.JMeter: Available Processors =4
2020-02-11 20:53:20,754 INFO o.a.j.JMeter: Default Locale=English (EN)
2020-02-11 20:53:20,754 INFO o.a.j.JMeter: JMeter  Locale=English (EN)
2020-02-11 20:53:20,754 INFO o.a.j.JMeter: JMeterHome=C:\Users\Glenn\Documents\Ecole\Ingénieur\Semestre 1\Test\apache-jmeter-5.1.1
2020-02-11 20:53:20,754 INFO o.a.j.JMeter: user.dir  =C:\Users\Glenn\Documents\Ecole\Ingénieur\Semestre 1\Test
2020-02-11 20:53:20,754 INFO o.a.j.JMeter: PWD       =C:\Users\Glenn\Documents\Ecole\Ingénieur\Semestre 1\Test
2020-02-11 20:53:20,787 INFO o.a.j.JMeter: IP: 192.168.42.98 Name: DESKTOP-8AU865V FullName: 192.168.42.98
2020-02-11 20:53:20,787 INFO o.a.j.JMeter: search_paths=./target/classes/
2020-02-11 20:53:20,787 WARN o.a.j.JMeter: Can't read ./target/classes/
2020-02-11 20:53:21,849 INFO o.a.j.g.a.LookAndFeelCommand: Installing Darcula LAF
2020-02-11 20:53:21,865 INFO o.a.j.g.a.LookAndFeelCommand: Using look and feel: com.bulenkov.darcula.DarculaLaf [Darcula]
2020-02-11 20:53:21,865 INFO o.a.j.JMeter: Setting LAF to: com.bulenkov.darcula.DarculaLaf
2020-02-11 20:53:22,063 INFO o.a.j.JMeter: Loaded icon properties from org/apache/jmeter/images/icon.properties
2020-02-11 20:53:24,355 INFO o.a.j.JMeter: Loading file: Git\Test\Camix_Java-v0.3.1\jmeter\Test Plan.jmx
2020-02-11 20:53:24,359 INFO o.a.j.s.FileServer: Default base='C:\Users\Glenn\Documents\Ecole\Ingénieur\Semestre 1\Test'
2020-02-11 20:53:24,363 INFO o.a.j.s.FileServer: Set new base='C:\Users\Glenn\Documents\Ecole\Ingénieur\Semestre 1\Test\Git\Test\Camix_Java-v0.3.1\jmeter'
2020-02-11 20:53:25,004 INFO o.a.j.s.SaveService: Testplan (JMX) version: 2.2. Testlog (JTL) version: 2.2
2020-02-11 20:53:25,093 INFO o.a.j.s.SaveService: Using SaveService properties version 5.0
2020-02-11 20:53:25,101 INFO o.a.j.s.SaveService: Using SaveService properties file encoding UTF-8
2020-02-11 20:53:25,105 INFO o.a.j.s.SaveService: Loading file: Git\Test\Camix_Java-v0.3.1\jmeter\Test Plan.jmx
2020-02-11 20:53:25,382 INFO o.a.j.s.FileServer: Set new base='C:\Users\Glenn\Documents\Ecole\Ingénieur\Semestre 1\Test\Git\Test\Camix_Java-v0.3.1\jmeter'
2020-02-11 20:53:25,510 INFO o.a.j.s.SampleResult: Note: Sample TimeStamps are START times
2020-02-11 20:53:25,510 INFO o.a.j.s.SampleResult: sampleresult.default.encoding is set to ISO-8859-1
2020-02-11 20:53:25,510 INFO o.a.j.s.SampleResult: sampleresult.useNanoTime=true
2020-02-11 20:53:25,510 INFO o.a.j.s.SampleResult: sampleresult.nanoThreadSleep=5000
2020-02-11 20:53:25,754 INFO o.a.j.v.ViewResultsFullVisualizer: Add JavaFX to your Java installation if you want to use renderer: org.apache.jmeter.visualizers.RenderInBrowser
2020-02-11 20:53:27,509 INFO o.a.j.p.h.s.HTTPSamplerBase: Parser for text/html is org.apache.jmeter.protocol.http.parser.LagartoBasedHtmlParser
2020-02-11 20:53:27,513 INFO o.a.j.p.h.s.HTTPSamplerBase: Parser for application/xhtml+xml is org.apache.jmeter.protocol.http.parser.LagartoBasedHtmlParser
2020-02-11 20:53:27,513 INFO o.a.j.p.h.s.HTTPSamplerBase: Parser for application/xml is org.apache.jmeter.protocol.http.parser.LagartoBasedHtmlParser
2020-02-11 20:53:27,513 INFO o.a.j.p.h.s.HTTPSamplerBase: Parser for text/xml is org.apache.jmeter.protocol.http.parser.LagartoBasedHtmlParser
2020-02-11 20:53:27,513 INFO o.a.j.p.h.s.HTTPSamplerBase: Parser for text/vnd.wap.wml is org.apache.jmeter.protocol.http.parser.RegexpHTMLParser
2020-02-11 20:53:27,517 INFO o.a.j.p.h.s.HTTPSamplerBase: Parser for text/css is org.apache.jmeter.protocol.http.parser.CssParser
2020-02-11 20:53:28,427 INFO o.a.j.e.KeyToolUtils: keytool found at 'keytool'
2020-02-11 20:53:28,431 INFO o.a.j.p.h.p.ProxyControl: HTTP(S) Test Script Recorder SSL Proxy will use keys that support embedded 3rd party resources in file C:\Users\Glenn\Documents\Ecole\Ingénieur\Semestre 1\Test\apache-jmeter-5.1.1\bin\proxyserver.jks
2020-02-11 20:53:30,962 INFO o.a.j.v.ViewResultsFullVisualizer: Add JavaFX to your Java installation if you want to use renderer: org.apache.jmeter.visualizers.RenderInBrowser
2020-02-11 20:56:39,433 INFO o.a.j.v.ViewResultsFullVisualizer: Add JavaFX to your Java installation if you want to use renderer: org.apache.jmeter.visualizers.RenderInBrowser
2020-02-11 20:56:48,186 INFO o.a.j.e.StandardJMeterEngine: Running the test!
2020-02-11 20:56:48,190 INFO o.a.j.s.SampleEvent: List of sample_variables: []
2020-02-11 20:56:48,190 INFO o.a.j.s.SampleEvent: List of sample_variables: []
2020-02-11 20:56:48,194 INFO o.a.j.e.u.CompoundVariable: Note: Function class names must contain the string: '.functions.'
2020-02-11 20:56:48,194 INFO o.a.j.e.u.CompoundVariable: Note: Function class names must not contain the string: '.gui.'
2020-02-11 20:56:48,778 INFO o.a.j.g.u.JMeterMenuBar: setRunning(true, *local*)
2020-02-11 20:56:48,913 INFO o.a.j.e.StandardJMeterEngine: Starting ThreadGroup: 1 : Groupe d'unités de tests : ex. DT avec variables
2020-02-11 20:56:48,913 INFO o.a.j.e.StandardJMeterEngine: Starting 1 threads for group Groupe d'unités de tests : ex. DT avec variables.
2020-02-11 20:56:48,913 INFO o.a.j.e.StandardJMeterEngine: Thread will continue on error
2020-02-11 20:56:48,917 INFO o.a.j.t.ThreadGroup: Starting thread group... number=1 threads=1 ramp-up=1 delayedStart=false
2020-02-11 20:56:48,933 INFO o.a.j.t.ThreadGroup: Started thread group number 1
2020-02-11 20:56:48,933 INFO o.a.j.e.StandardJMeterEngine: All thread groups have been started
2020-02-11 20:56:48,953 INFO o.a.j.t.JMeterThread: Thread started: Groupe d'unités de tests : ex. DT avec variables 1-1
2020-02-11 20:56:48,961 ERROR o.a.j.p.t.s.TCPSampler: Could not find protocol class 'camix.TCPClientCamixImpl'
2020-02-11 20:56:51,030 WARN o.a.j.p.t.s.TCPSampler: Could not create socket for tcp://127.0.0.1:13579
java.net.ConnectException: Connection refused: connect
	at java.net.PlainSocketImpl.connect0(Native Method) ~[?:?]
	at java.net.PlainSocketImpl.socketConnect(PlainSocketImpl.java:101) ~[?:?]
	at java.net.AbstractPlainSocketImpl.doConnect(AbstractPlainSocketImpl.java:399) ~[?:?]
	at java.net.AbstractPlainSocketImpl.connectToAddress(AbstractPlainSocketImpl.java:242) ~[?:?]
	at java.net.AbstractPlainSocketImpl.connect(AbstractPlainSocketImpl.java:224) ~[?:?]
	at java.net.SocksSocketImpl.connect(SocksSocketImpl.java:403) ~[?:?]
	at java.net.Socket.connect(Socket.java:591) ~[?:?]
	at org.apache.jmeter.protocol.tcp.sampler.TCPSampler.getSocket(TCPSampler.java:168) [ApacheJMeter_tcp.jar:5.1.1 r1855137]
	at org.apache.jmeter.protocol.tcp.sampler.TCPSampler.sample(TCPSampler.java:384) [ApacheJMeter_tcp.jar:5.1.1 r1855137]
	at org.apache.jmeter.threads.JMeterThread.doSampling(JMeterThread.java:622) [ApacheJMeter_core.jar:5.1.1 r1855137]
	at org.apache.jmeter.threads.JMeterThread.executeSamplePackage(JMeterThread.java:546) [ApacheJMeter_core.jar:5.1.1 r1855137]
	at org.apache.jmeter.threads.JMeterThread.processSampler(JMeterThread.java:486) [ApacheJMeter_core.jar:5.1.1 r1855137]
	at org.apache.jmeter.threads.JMeterThread.run(JMeterThread.java:253) [ApacheJMeter_core.jar:5.1.1 r1855137]
	at java.lang.Thread.run(Thread.java:835) [?:?]
2020-02-11 20:56:51,042 INFO o.a.j.t.JMeterThread: Thread is done: Groupe d'unités de tests : ex. DT avec variables 1-1
2020-02-11 20:56:51,042 INFO o.a.j.t.JMeterThread: Thread finished: Groupe d'unités de tests : ex. DT avec variables 1-1
2020-02-11 20:56:51,046 INFO o.a.j.e.StandardJMeterEngine: Notifying test listeners of end of test
2020-02-11 20:56:51,046 INFO o.a.j.g.u.JMeterMenuBar: setRunning(false, *local*)
2020-02-11 20:57:18,508 INFO o.a.j.e.StandardJMeterEngine: Running the test!
2020-02-11 20:57:18,512 INFO o.a.j.s.SampleEvent: List of sample_variables: []
2020-02-11 20:57:18,513 INFO o.a.j.g.u.JMeterMenuBar: setRunning(true, *local*)
2020-02-11 20:57:18,549 INFO o.a.j.e.StandardJMeterEngine: Starting ThreadGroup: 1 : Groupe d'unités de tests : ex. DT avec variables
2020-02-11 20:57:18,553 INFO o.a.j.e.StandardJMeterEngine: Starting 1 threads for group Groupe d'unités de tests : ex. DT avec variables.
2020-02-11 20:57:18,553 INFO o.a.j.e.StandardJMeterEngine: Thread will continue on error
2020-02-11 20:57:18,553 INFO o.a.j.t.ThreadGroup: Starting thread group... number=1 threads=1 ramp-up=1 delayedStart=false
2020-02-11 20:57:18,561 INFO o.a.j.t.ThreadGroup: Started thread group number 1
2020-02-11 20:57:18,561 INFO o.a.j.e.StandardJMeterEngine: All thread groups have been started
2020-02-11 20:57:18,561 INFO o.a.j.t.JMeterThread: Thread started: Groupe d'unités de tests : ex. DT avec variables 1-1
2020-02-11 20:57:18,573 ERROR o.a.j.p.t.s.TCPSampler: Could not find protocol class 'camix.TCPClientCamixImpl'
2020-02-11 20:57:20,579 WARN o.a.j.p.t.s.TCPSampler: Could not create socket for tcp://127.0.0.1:13579
java.net.ConnectException: Connection refused: connect
	at java.net.PlainSocketImpl.connect0(Native Method) ~[?:?]
	at java.net.PlainSocketImpl.socketConnect(PlainSocketImpl.java:101) ~[?:?]
	at java.net.AbstractPlainSocketImpl.doConnect(AbstractPlainSocketImpl.java:399) ~[?:?]
	at java.net.AbstractPlainSocketImpl.connectToAddress(AbstractPlainSocketImpl.java:242) ~[?:?]
	at java.net.AbstractPlainSocketImpl.connect(AbstractPlainSocketImpl.java:224) ~[?:?]
	at java.net.SocksSocketImpl.connect(SocksSocketImpl.java:403) ~[?:?]
	at java.net.Socket.connect(Socket.java:591) ~[?:?]
	at org.apache.jmeter.protocol.tcp.sampler.TCPSampler.getSocket(TCPSampler.java:168) [ApacheJMeter_tcp.jar:5.1.1 r1855137]
	at org.apache.jmeter.protocol.tcp.sampler.TCPSampler.sample(TCPSampler.java:384) [ApacheJMeter_tcp.jar:5.1.1 r1855137]
	at org.apache.jmeter.threads.JMeterThread.doSampling(JMeterThread.java:622) [ApacheJMeter_core.jar:5.1.1 r1855137]
	at org.apache.jmeter.threads.JMeterThread.executeSamplePackage(JMeterThread.java:546) [ApacheJMeter_core.jar:5.1.1 r1855137]
	at org.apache.jmeter.threads.JMeterThread.processSampler(JMeterThread.java:486) [ApacheJMeter_core.jar:5.1.1 r1855137]
	at org.apache.jmeter.threads.JMeterThread.run(JMeterThread.java:253) [ApacheJMeter_core.jar:5.1.1 r1855137]
	at java.lang.Thread.run(Thread.java:835) [?:?]
2020-02-11 20:57:20,579 INFO o.a.j.t.JMeterThread: Thread is done: Groupe d'unités de tests : ex. DT avec variables 1-1
2020-02-11 20:57:20,579 INFO o.a.j.t.JMeterThread: Thread finished: Groupe d'unités de tests : ex. DT avec variables 1-1
2020-02-11 20:57:20,579 INFO o.a.j.e.StandardJMeterEngine: Notifying test listeners of end of test
2020-02-11 20:57:20,583 INFO o.a.j.g.u.JMeterMenuBar: setRunning(false, *local*)
2020-02-11 21:00:04,056 INFO o.a.j.e.StandardJMeterEngine: Running the test!
2020-02-11 21:00:04,076 INFO o.a.j.s.SampleEvent: List of sample_variables: []
2020-02-11 21:00:04,080 INFO o.a.j.g.u.JMeterMenuBar: setRunning(true, *local*)
2020-02-11 21:00:04,340 INFO o.a.j.e.StandardJMeterEngine: Starting ThreadGroup: 1 : Groupe d'unités de tests : ex. DT avec variables
2020-02-11 21:00:04,340 INFO o.a.j.e.StandardJMeterEngine: Starting 1 threads for group Groupe d'unités de tests : ex. DT avec variables.
2020-02-11 21:00:04,340 INFO o.a.j.e.StandardJMeterEngine: Thread will continue on error
2020-02-11 21:00:04,344 INFO o.a.j.t.ThreadGroup: Starting thread group... number=1 threads=1 ramp-up=1 delayedStart=false
2020-02-11 21:00:04,344 INFO o.a.j.t.ThreadGroup: Started thread group number 1
2020-02-11 21:00:04,344 INFO o.a.j.e.StandardJMeterEngine: All thread groups have been started
2020-02-11 21:00:04,348 INFO o.a.j.t.JMeterThread: Thread started: Groupe d'unités de tests : ex. DT avec variables 1-1
2020-02-11 21:00:04,356 ERROR o.a.j.p.t.s.TCPSampler: Could not find protocol class 'camix.TCPClientCamixImpl'
2020-02-11 21:00:06,375 WARN o.a.j.p.t.s.TCPSampler: Could not create socket for tcp://127.0.0.1:13579
java.net.ConnectException: Connection refused: connect
	at java.net.PlainSocketImpl.connect0(Native Method) ~[?:?]
	at java.net.PlainSocketImpl.socketConnect(PlainSocketImpl.java:101) ~[?:?]
	at java.net.AbstractPlainSocketImpl.doConnect(AbstractPlainSocketImpl.java:399) ~[?:?]
	at java.net.AbstractPlainSocketImpl.connectToAddress(AbstractPlainSocketImpl.java:242) ~[?:?]
	at java.net.AbstractPlainSocketImpl.connect(AbstractPlainSocketImpl.java:224) ~[?:?]
	at java.net.SocksSocketImpl.connect(SocksSocketImpl.java:403) ~[?:?]
	at java.net.Socket.connect(Socket.java:591) ~[?:?]
	at org.apache.jmeter.protocol.tcp.sampler.TCPSampler.getSocket(TCPSampler.java:168) [ApacheJMeter_tcp.jar:5.1.1 r1855137]
	at org.apache.jmeter.protocol.tcp.sampler.TCPSampler.sample(TCPSampler.java:384) [ApacheJMeter_tcp.jar:5.1.1 r1855137]
	at org.apache.jmeter.threads.JMeterThread.doSampling(JMeterThread.java:622) [ApacheJMeter_core.jar:5.1.1 r1855137]
	at org.apache.jmeter.threads.JMeterThread.executeSamplePackage(JMeterThread.java:546) [ApacheJMeter_core.jar:5.1.1 r1855137]
	at org.apache.jmeter.threads.JMeterThread.processSampler(JMeterThread.java:486) [ApacheJMeter_core.jar:5.1.1 r1855137]
	at org.apache.jmeter.threads.JMeterThread.run(JMeterThread.java:253) [ApacheJMeter_core.jar:5.1.1 r1855137]
	at java.lang.Thread.run(Thread.java:835) [?:?]
2020-02-11 21:00:06,383 INFO o.a.j.t.JMeterThread: Thread is done: Groupe d'unités de tests : ex. DT avec variables 1-1
2020-02-11 21:00:06,383 INFO o.a.j.t.JMeterThread: Thread finished: Groupe d'unités de tests : ex. DT avec variables 1-1
2020-02-11 21:00:06,383 INFO o.a.j.e.StandardJMeterEngine: Notifying test listeners of end of test
2020-02-11 21:00:06,387 INFO o.a.j.g.u.JMeterMenuBar: setRunning(false, *local*)
2020-02-11 21:00:20,209 INFO o.a.j.e.StandardJMeterEngine: Running the test!
2020-02-11 21:00:20,209 INFO o.a.j.s.SampleEvent: List of sample_variables: []
2020-02-11 21:00:20,217 INFO o.a.j.g.u.JMeterMenuBar: setRunning(true, *local*)
2020-02-11 21:00:20,305 INFO o.a.j.e.StandardJMeterEngine: Starting ThreadGroup: 1 : Groupe d'unités de tests : ex. DT avec variables
2020-02-11 21:00:20,309 INFO o.a.j.e.StandardJMeterEngine: Starting 1 threads for group Groupe d'unités de tests : ex. DT avec variables.
2020-02-11 21:00:20,309 INFO o.a.j.e.StandardJMeterEngine: Thread will continue on error
2020-02-11 21:00:20,309 INFO o.a.j.t.ThreadGroup: Starting thread group... number=1 threads=1 ramp-up=1 delayedStart=false
2020-02-11 21:00:20,309 INFO o.a.j.t.ThreadGroup: Started thread group number 1
2020-02-11 21:00:20,309 INFO o.a.j.e.StandardJMeterEngine: All thread groups have been started
2020-02-11 21:00:20,313 INFO o.a.j.t.JMeterThread: Thread started: Groupe d'unités de tests : ex. DT avec variables 1-1
2020-02-11 21:00:20,313 ERROR o.a.j.p.t.s.TCPSampler: Could not find protocol class 'camix.TCPClientCamixImpl'
2020-02-11 21:00:22,318 WARN o.a.j.p.t.s.TCPSampler: Could not create socket for tcp://127.0.0.1:13579
java.net.ConnectException: Connection refused: connect
	at java.net.PlainSocketImpl.connect0(Native Method) ~[?:?]
	at java.net.PlainSocketImpl.socketConnect(PlainSocketImpl.java:101) ~[?:?]
	at java.net.AbstractPlainSocketImpl.doConnect(AbstractPlainSocketImpl.java:399) ~[?:?]
	at java.net.AbstractPlainSocketImpl.connectToAddress(AbstractPlainSocketImpl.java:242) ~[?:?]
	at java.net.AbstractPlainSocketImpl.connect(AbstractPlainSocketImpl.java:224) ~[?:?]
	at java.net.SocksSocketImpl.connect(SocksSocketImpl.java:403) ~[?:?]
	at java.net.Socket.connect(Socket.java:591) ~[?:?]
	at org.apache.jmeter.protocol.tcp.sampler.TCPSampler.getSocket(TCPSampler.java:168) [ApacheJMeter_tcp.jar:5.1.1 r1855137]
	at org.apache.jmeter.protocol.tcp.sampler.TCPSampler.sample(TCPSampler.java:384) [ApacheJMeter_tcp.jar:5.1.1 r1855137]
	at org.apache.jmeter.threads.JMeterThread.doSampling(JMeterThread.java:622) [ApacheJMeter_core.jar:5.1.1 r1855137]
	at org.apache.jmeter.threads.JMeterThread.executeSamplePackage(JMeterThread.java:546) [ApacheJMeter_core.jar:5.1.1 r1855137]
	at org.apache.jmeter.threads.JMeterThread.processSampler(JMeterThread.java:486) [ApacheJMeter_core.jar:5.1.1 r1855137]
	at org.apache.jmeter.threads.JMeterThread.run(JMeterThread.java:253) [ApacheJMeter_core.jar:5.1.1 r1855137]
	at java.lang.Thread.run(Thread.java:835) [?:?]
2020-02-11 21:00:22,318 INFO o.a.j.t.JMeterThread: Thread is done: Groupe d'unités de tests : ex. DT avec variables 1-1
2020-02-11 21:00:22,318 INFO o.a.j.t.JMeterThread: Thread finished: Groupe d'unités de tests : ex. DT avec variables 1-1
2020-02-11 21:00:22,318 INFO o.a.j.e.StandardJMeterEngine: Notifying test listeners of end of test
2020-02-11 21:00:22,318 INFO o.a.j.g.u.JMeterMenuBar: setRunning(false, *local*)
2020-02-11 21:01:34,664 INFO o.a.j.e.StandardJMeterEngine: Running the test!
2020-02-11 21:01:34,664 INFO o.a.j.s.SampleEvent: List of sample_variables: []
2020-02-11 21:01:34,668 INFO o.a.j.g.u.JMeterMenuBar: setRunning(true, *local*)
2020-02-11 21:01:34,688 INFO o.a.j.e.StandardJMeterEngine: Starting ThreadGroup: 1 : Groupe d'unités de tests : ex. DT avec variables
2020-02-11 21:01:34,688 INFO o.a.j.e.StandardJMeterEngine: Starting 1 threads for group Groupe d'unités de tests : ex. DT avec variables.
2020-02-11 21:01:34,692 INFO o.a.j.e.StandardJMeterEngine: Thread will continue on error
2020-02-11 21:01:34,692 INFO o.a.j.t.ThreadGroup: Starting thread group... number=1 threads=1 ramp-up=1 delayedStart=false
2020-02-11 21:01:34,692 INFO o.a.j.t.ThreadGroup: Started thread group number 1
2020-02-11 21:01:34,692 INFO o.a.j.e.StandardJMeterEngine: All thread groups have been started
2020-02-11 21:01:34,692 INFO o.a.j.t.JMeterThread: Thread started: Groupe d'unités de tests : ex. DT avec variables 1-1
2020-02-11 21:01:34,692 ERROR o.a.j.p.t.s.TCPSampler: Could not find protocol class 'camix.TCPClientCamixImpl'
2020-02-11 21:01:36,701 WARN o.a.j.p.t.s.TCPSampler: Could not create socket for tcp://127.0.0.1:13579
java.net.ConnectException: Connection refused: connect
	at java.net.PlainSocketImpl.connect0(Native Method) ~[?:?]
	at java.net.PlainSocketImpl.socketConnect(PlainSocketImpl.java:101) ~[?:?]
	at java.net.AbstractPlainSocketImpl.doConnect(AbstractPlainSocketImpl.java:399) ~[?:?]
	at java.net.AbstractPlainSocketImpl.connectToAddress(AbstractPlainSocketImpl.java:242) ~[?:?]
	at java.net.AbstractPlainSocketImpl.connect(AbstractPlainSocketImpl.java:224) ~[?:?]
	at java.net.SocksSocketImpl.connect(SocksSocketImpl.java:403) ~[?:?]
	at java.net.Socket.connect(Socket.java:591) ~[?:?]
	at org.apache.jmeter.protocol.tcp.sampler.TCPSampler.getSocket(TCPSampler.java:168) [ApacheJMeter_tcp.jar:5.1.1 r1855137]
	at org.apache.jmeter.protocol.tcp.sampler.TCPSampler.sample(TCPSampler.java:384) [ApacheJMeter_tcp.jar:5.1.1 r1855137]
	at org.apache.jmeter.threads.JMeterThread.doSampling(JMeterThread.java:622) [ApacheJMeter_core.jar:5.1.1 r1855137]
	at org.apache.jmeter.threads.JMeterThread.executeSamplePackage(JMeterThread.java:546) [ApacheJMeter_core.jar:5.1.1 r1855137]
	at org.apache.jmeter.threads.JMeterThread.processSampler(JMeterThread.java:486) [ApacheJMeter_core.jar:5.1.1 r1855137]
	at org.apache.jmeter.threads.JMeterThread.run(JMeterThread.java:253) [ApacheJMeter_core.jar:5.1.1 r1855137]
	at java.lang.Thread.run(Thread.java:835) [?:?]
2020-02-11 21:01:36,701 INFO o.a.j.t.JMeterThread: Thread is done: Groupe d'unités de tests : ex. DT avec variables 1-1
2020-02-11 21:01:36,701 INFO o.a.j.t.JMeterThread: Thread finished: Groupe d'unités de tests : ex. DT avec variables 1-1
2020-02-11 21:01:36,701 INFO o.a.j.e.StandardJMeterEngine: Notifying test listeners of end of test
2020-02-11 21:01:36,701 INFO o.a.j.g.u.JMeterMenuBar: setRunning(false, *local*)
